h:\mooc\examples\exercise2_mpi\x64\release\vc140.pdb
h:\mooc\examples\exercise2_mpi\x64\release\main.obj
h:\mooc\examples1\exercise2_mpi\x64\release\vc140.pdb
h:\mooc\examples1\exercise2_mpi\x64\release\main.obj
h:\mooc\examples\exercise2_mpi\x64\release\exercise2_mpi.exe
h:\mooc\examples\exercise2_mpi\x64\release\exercise2_mpi.ipdb
h:\mooc\examples\exercise2_mpi\x64\release\exercise2_mpi.iobj
h:\mooc\examples\exercise2_mpi\x64\release\exercise2_mpi.pdb
h:\mooc\examples1\exercise2_mpi\x64\release\exercise2_mpi.exe
h:\mooc\examples1\exercise2_mpi\x64\release\exercise2_mpi.ipdb
h:\mooc\examples1\exercise2_mpi\x64\release\exercise2_mpi.iobj
h:\mooc\examples1\exercise2_mpi\x64\release\exercise2_mpi.pdb
c:\users\00dan\documents\parrallel prog\exercise2_mpi\x64\release\main.obj
c:\users\00dan\documents\parrallel prog\exercise2_mpi\x64\release\exercise2_mpi.ipdb
c:\users\00dan\documents\parrallel prog\exercise2_mpi\x64\release\exercise2_mpi.iobj
c:\users\00dan\documents\parrallel prog\exercise2_mpi\x64\release\exercise2_mpi.pdb
c:\users\00dan\documents\parrallel prog\exercise2_mpi\x64\release\vc140.pdb
c:\users\00dan\documents\parrallel prog\exercise2_mpi\x64\release\exercise2_mpi.exe
c:\users\00dan\documents\parrallel prog\exercise2_mpi\x64\release\exercise2_mpi.tlog\cl.command.1.tlog
c:\users\00dan\documents\parrallel prog\exercise2_mpi\x64\release\exercise2_mpi.tlog\cl.read.1.tlog
c:\users\00dan\documents\parrallel prog\exercise2_mpi\x64\release\exercise2_mpi.tlog\cl.write.1.tlog
c:\users\00dan\documents\parrallel prog\exercise2_mpi\x64\release\exercise2_mpi.tlog\link.command.1.tlog
c:\users\00dan\documents\parrallel prog\exercise2_mpi\x64\release\exercise2_mpi.tlog\link.read.1.tlog
c:\users\00dan\documents\parrallel prog\exercise2_mpi\x64\release\exercise2_mpi.tlog\link.write.1.tlog
